Start Section: <-
Section: Level
Assignment: =
Number: 254
End Section: ->
Start Section: <-
Section: Score
Assignment: =
Number: 0300
End Section: ->
Start Section: <-
Section: Map
Assignment: =
Cell: B
Cell: B
Cell: B
Cell: B
Cell: B
Cell: B
Cell: B
Cell: B
Cell: B
Cell: B
Cell: B
Comma: ,
Cell: B
Cell: P
Cell: F
Cell: F
Cell: W
Cell: W
Cell: W
Cell: F
Cell: F
Cell: P
Cell: B
Comma: ,
Cell: B
Cell: F
Cell: W
Cell: F
Cell: F
Cell: F
Cell: F
Cell: F
Cell: W
Cell: F
Cell: B
Comma: ,
Cell: B
Cell: F
Cell: F
Cell: F
Cell: F
Cell: G
Cell: F
Cell: F
Cell: F
Cell: F
Cell: B
Comma: ,
Cell: B
Cell: W
Cell: F
Cell: W
Cell: W
Cell: W
Cell: W
Cell: W
Cell: F
Cell: W
Cell: B
Comma: ,
Cell: B
Cell: F
Cell: F
Cell: W
Cell: G
Cell: G
Cell: G
Cell: W
Cell: F
Cell: F
Cell: B
Comma: ,
Cell: B
Cell: W
Cell: F
Cell: W
Cell: W
Cell: W
Cell: W
Cell: W
Cell: F
Cell: W
Cell: B
Comma: ,
Cell: B
Cell: F
Cell: F
Cell: F
Cell: _
Cell: M
Cell: _
Cell: F
Cell: F
Cell: F
Cell: B
Comma: ,
Cell: B
Cell: F
Cell: W
Cell: F
Cell: F
Cell: _
Cell: F
Cell: F
Cell: W
Cell: F
Cell: B
Comma: ,
Cell: B
Cell: P
Cell: F
Cell: F
Cell: W
Cell: W
Cell: W
Cell: F
Cell: F
Cell: P
Cell: B
Comma: ,
Cell: B
Cell: B
Cell: B
Cell: B
Cell: B
Cell: B
Cell: B
Cell: B
Cell: B
Cell: B
Cell: B
Semicolon: ;
End Section: ->
Start Section: <-
Section: Lives
Assignment: =
Number: 18
End Section: ->
